# JRE version: Java(TM) SE Runtime Environment (8.0_152-b16) (build 1.8.0_152-b16)
# Java VM: Java HotSpot(TM) 64-Bit Server VM (25.152-b16 mixed mode windows-amd64 compressed oops)
Heap:
 garbage-first heap   total 524288K, used 54207K [0x00000000c0000000, 0x00000000c0101000, 0x0000000100000000)
  region size 1024K, 43 young (44032K), 39 survivors (39936K)
 Metaspace       used 40782K, capacity 43066K, committed 43392K, reserved 1087488K
  class space    used 4453K, capacity 5191K, committed 5248K, reserved 1048576K
GC Heap History (9 events):
Event: 8.701 GC heap before
{Heap before GC invocations=0 (full 0):
 garbage-first heap   total 524288K, used 25600K [0x00000000c0000000, 0x00000000c0101000, 0x0000000100000000)
  region size 1024K, 25 young (25600K), 0 survivors (0K)
 Metaspace       used 8235K, capacity 8330K, committed 8576K, reserved 1056768K
  class space    used 874K, capacity 888K, committed 896K, reserved 1048576K
Event: 8.725 GC heap after
Heap after GC invocations=1 (full 0):
 garbage-first heap   total 524288K, used 5662K [0x00000000c0000000, 0x00000000c0101000, 0x0000000100000000)
  region size 1024K, 4 young (4096K), 4 survivors (4096K)
 Metaspace       used 8235K, capacity 8330K, committed 8576K, reserved 1056768K
  class space    used 874K, capacity 888K, committed 896K, reserved 1048576K
}
Event: 9.920 GC heap before
{Heap before GC invocations=1 (full 0):
 garbage-first heap   total 524288K, used 36382K [0x00000000c0000000, 0x00000000c0101000, 0x0000000100000000)
  region size 1024K, 34 young (34816K), 4 survivors (4096K)
 Metaspace       used 10419K, capacity 10712K, committed 11008K, reserved 1058816K
  class space    used 1079K, capacity 1164K, committed 1280K, reserved 1048576K
Event: 9.936 GC heap after
Heap after GC invocations=2 (full 0):
 garbage-first heap   total 524288K, used 12428K [0x00000000c0000000, 0x00000000c0101000, 0x0000000100000000)
  region size 1024K, 5 young (5120K), 5 survivors (5120K)
 Metaspace       used 10419K, capacity 10712K, committed 11008K, reserved 1058816K
  class space    used 1079K, capacity 1164K, committed 1280K, reserved 1048576K
}
Event: 20.614 GC heap before
{Heap before GC invocations=2 (full 0):
 garbage-first heap   total 524288K, used 61580K [0x00000000c0000000, 0x00000000c0101000, 0x0000000100000000)
  region size 1024K, 54 young (55296K), 5 survivors (5120K)
 Metaspace       used 20209K, capacity 21118K, committed 21296K, reserved 1069056K
  class space    used 2097K, capacity 2406K, committed 2432K, reserved 1048576K
Event: 20.646 GC heap after
Heap after GC invocations=3 (full 0):
 garbage-first heap   total 524288K, used 22037K [0x00000000c0000000, 0x00000000c0101000, 0x0000000100000000)
  region size 1024K, 15 young (15360K), 15 survivors (15360K)
 Metaspace       used 20209K, capacity 21118K, committed 21296K, reserved 1069056K
  class space    used 2097K, capacity 2406K, committed 2432K, reserved 1048576K
}
Event: 27.075 GC heap before
{Heap before GC invocations=4 (full 0):
 garbage-first heap   total 524288K, used 132488K [0x00000000c0000000, 0x00000000c0101000, 0x0000000100000000)
  region size 1024K, 127 young (130048K), 15 survivors (15360K)
 Metaspace       used 33854K, capacity 35990K, committed 36048K, reserved 1081344K
  class space    used 3759K, capacity 4438K, committed 4480K, reserved 1048576K
Event: 27.116 GC heap after
Heap after GC invocations=5 (full 0):
 garbage-first heap   total 524288K, used 31231K [0x00000000c0000000, 0x00000000c0101000, 0x0000000100000000)
  region size 1024K, 27 young (27648K), 27 survivors (27648K)
 Metaspace       used 33854K, capacity 35990K, committed 36048K, reserved 1081344K
  class space    used 3759K, capacity 4438K, committed 4480K, reserved 1048576K
}
Event: 32.931 GC heap before
{Heap before GC invocations=6 (full 0):
 garbage-first heap   total 524288K, used 318816K [0x00000000c0000000, 0x00000000c0101000, 0x0000000100000000)
  region size 1024K, 307 young (314368K), 27 survivors (27648K)
 Metaspace       used 40779K, capacity 43066K, committed 43392K, reserved 1087488K
  class space    used 4453K, capacity 5191K, committed 5248K, reserved 1048576K

